Evaluating Game: test_data/chess_com_games_2023-04-12 copy.pgn
A blunder occurred on move: 34. Re1
Total blunders in game: 1
Evaluating Game: test_data/chess_com_games_2023-04-12 copy.pgn
A blunder occurred on move: 26. Nb4
A blunder occurred on move: 37. Re2
A blunder occurred on move: 45. ...Ra7
A blunder occurred on move: 53. ...Rc1+
A blunder occurred on move: 57. ...Rb1
Total blunders in game: 5
Evaluating Game: test_data/chess_com_games_2023-04-12 copy.pgn
A blunder occurred on move: 11. ...h6
A blunder occurred on move: 23. ...Ne5
A blunder occurred on move: 29. ...Kf7
A blunder occurred on move: 29. Rde1
A blunder occurred on move: 34. ...Qd4
A blunder occurred on move: 34. Qh7+
A blunder occurred on move: 35. ...Kf8
A blunder occurred on move: 35. Qe7+
A blunder occurred on move: 36. ...Kg8
A blunder occurred on move: 36. Qxe8+
A blunder occurred on move: 37. ...Kh7
A blunder occurred on move: 37. Qxg6+
A blunder occurred on move: 38. ...Kh8
A blunder occurred on move: 38. Re8#
Total blunders in game: 14
Evaluating Game: test_data/chess_com_games_2023-04-12 copy.pgn
A blunder occurred on move: 23. Rh1
Total blunders in game: 1
Evaluating Game: test_data/chess_com_games_2023-04-12 copy.pgn
A blunder occurred on move: 9. ...Be7
A blunder occurred on move: 9. Nc3
A blunder occurred on move: 25. Qf4
Total blunders in game: 3
Evaluating Game: test_data/chess_com_games_2023-04-12 copy.pgn
Total blunders in game: 0
Evaluating Game: test_data/chess_com_games_2023-04-12 copy.pgn
A blunder occurred on move: 17. ...Na4
Total blunders in game: 1
Evaluating Game: test_data/chess_com_games_2023-04-12 copy.pgn
Total blunders in game: 0
Evaluating Game: test_data/chess_com_games_2023-04-12 copy.pgn
A blunder occurred on move: 26. ...gxf6
A blunder occurred on move: 28. ...Qd6
A blunder occurred on move: 30. ...Rd1
A blunder occurred on move: 31. ...Rxe1+
A blunder occurred on move: 35. ...Kg7
Total blunders in game: 5
Evaluating Game: test_data/chess_com_games_2023-04-12 copy.pgn
A blunder occurred on move: 30. Qh3
A blunder occurred on move: 31. ...Rd8
A blunder occurred on move: 49. Re2
Total blunders in game: 3
Evaluating Game: test_data/chess_com_games_2023-04-12 copy.pgn
A blunder occurred on move: 33. ...Nd2
A blunder occurred on move: 33. Kc1
A blunder occurred on move: 34. ...Nxe4
Total blunders in game: 3
Evaluating Game: test_data/chess_com_games_2023-04-12 copy.pgn
A blunder occurred on move: 16. ...gxf5
A blunder occurred on move: 17. Bh6
A blunder occurred on move: 28. Re6
A blunder occurred on move: 29. ...N8d7
A blunder occurred on move: 32. Rd2
A blunder occurred on move: 33. ...Rxf5
A blunder occurred on move: 33. a3
A blunder occurred on move: 34. ...h5
A blunder occurred on move: 34. b3
A blunder occurred on move: 35. ...h4
A blunder occurred on move: 35. a4
A blunder occurred on move: 37. ...h3
A blunder occurred on move: 37. f4
A blunder occurred on move: 38. ...Rxf4
A blunder occurred on move: 38. a5
A blunder occurred on move: 39. ...Ra4
A blunder occurred on move: 39. a6
A blunder occurred on move: 40. ...Kg7
A blunder occurred on move: 48. Rxd7
Total blunders in game: 19
Evaluating Game: test_data/chess_com_games_2023-04-12 copy.pgn
A blunder occurred on move: 22. Qd3
A blunder occurred on move: 36. Rxf7+
A blunder occurred on move: 37. ...Kh6
A blunder occurred on move: 37. g4
A blunder occurred on move: 38. ...Be5
A blunder occurred on move: 38. Kg1
A blunder occurred on move: 39. ...Kg5
A blunder occurred on move: 39. e7
A blunder occurred on move: 40. ...Kh4
A blunder occurred on move: 40. e8=Q
A blunder occurred on move: 41. ...Kg3
A blunder occurred on move: 41. Qxe5+
A blunder occurred on move: 42. ...dxe5
Total blunders in game: 13
Evaluating Game: test_data/chess_com_games_2023-04-12 copy.pgn
A blunder occurred on move: 30. ...Qh7
A blunder occurred on move: 47. ...Nf4
A blunder occurred on move: 58. ...Ne8
A blunder occurred on move: 60. ...Nf5
A blunder occurred on move: 60. Kf2
A blunder occurred on move: 66. Kf1
A blunder occurred on move: 67. ...Rd2
A blunder occurred on move: 67. Bxd2
Total blunders in game: 8
Evaluating Game: test_data/chess_com_games_2023-04-12 copy.pgn
A blunder occurred on move: 31. ...d4
A blunder occurred on move: 33. ...Rd8
Total blunders in game: 2
Evaluating Game: test_data/chess_com_games_2023-04-12 copy.pgn
A blunder occurred on move: 33. ...g4
Total blunders in game: 1
Evaluating Game: test_data/chess_com_games_2023-04-12 copy.pgn
A blunder occurred on move: 32. ...Qf7
Total blunders in game: 1
Evaluating Game: test_data/chess_com_games_2023-04-12 copy.pgn
A blunder occurred on move: 30. Rac1
A blunder occurred on move: 36. ...Qg6
A blunder occurred on move: 51. ...Rb8
A blunder occurred on move: 51. Ra7+
A blunder occurred on move: 52. ...Nxa7
A blunder occurred on move: 52. Qxa7#
Total blunders in game: 6
Evaluating Game: test_data/chess_com_games_2023-04-12 copy.pgn
A blunder occurred on move: 25. Ke1
A blunder occurred on move: 26. ...Kg6
A blunder occurred on move: 42. Bd4
A blunder occurred on move: 43. ...Re4
A blunder occurred on move: 67. ...Re4
A blunder occurred on move: 69. Kf5
A blunder occurred on move: 70. Rb3
A blunder occurred on move: 71. ...g3
A blunder occurred on move: 71. Kf4
A blunder occurred on move: 72. ...Kh2
A blunder occurred on move: 72. Rb2+
A blunder occurred on move: 73. ...Kh3
A blunder occurred on move: 73. Kf3
A blunder occurred on move: 74. ...g2
A blunder occurred on move: 74. Rxg2
A blunder occurred on move: 75. ...Kh4
A blunder occurred on move: 75. Kf4
A blunder occurred on move: 76. ...Kh5
A blunder occurred on move: 76. Kf5
A blunder occurred on move: 77. ...Kh6
A blunder occurred on move: 77. Kf6
A blunder occurred on move: 78. ...Kh5
A blunder occurred on move: 78. Kf5
A blunder occurred on move: 79. ...Kh4
A blunder occurred on move: 79. Rg3
A blunder occurred on move: 80. ...Kh5
A blunder occurred on move: 80. Rh3#
Total blunders in game: 27
Evaluating Game: test_data/chess_com_games_2023-04-12 copy.pgn
A blunder occurred on move: 26. ...b5
Total blunders in game: 1
Evaluating Game: test_data/chess_com_games_2023-04-12 copy.pgn
A blunder occurred on move: 28. Rfg4
A blunder occurred on move: 29. ...Rg8
A blunder occurred on move: 30. ...Qb6
A blunder occurred on move: 30. h3
A blunder occurred on move: 31. ...Rac8
A blunder occurred on move: 32. ...Qd6
A blunder occurred on move: 32. Ng6+
A blunder occurred on move: 33. Bxg8
A blunder occurred on move: 34. Rxg7
Total blunders in game: 9
Evaluating Game: test_data/chess_com_games_2023-04-12 copy.pgn
A blunder occurred on move: 36. h3
A blunder occurred on move: 43. Kg3
A blunder occurred on move: 45. ...Bc5
A blunder occurred on move: 45. Ke4
A blunder occurred on move: 46. g5
A blunder occurred on move: 47. Na8
Total blunders in game: 6
Evaluating Game: test_data/chess_com_games_2023-04-12 copy.pgn
A blunder occurred on move: 39. Ke3
A blunder occurred on move: 42. ...c4
Total blunders in game: 2
Evaluating Game: test_data/chess_com_games_2023-04-12 copy.pgn
A blunder occurred on move: 17. Na4
A blunder occurred on move: 36. Rf8
A blunder occurred on move: 37. ...Bd4
Total blunders in game: 3
Evaluating Game: test_data/chess_com_games_2023-04-12 copy.pgn
A blunder occurred on move: 31. ...Qd8
A blunder occurred on move: 36. ...h6
A blunder occurred on move: 36. Qh7#
Total blunders in game: 3
Evaluating Game: test_data/chess_com_games_2023-04-12 copy.pgn
A blunder occurred on move: 23. ...Re8
A blunder occurred on move: 23. Kd4+
A blunder occurred on move: 25. Kd5
A blunder occurred on move: 33. ...Rd5+
Total blunders in game: 4
Evaluating Game: test_data/chess_com_games_2023-04-12 copy.pgn
A blunder occurred on move: 16. Qd2
A blunder occurred on move: 32. Ka2
A blunder occurred on move: 34. Qe3
A blunder occurred on move: 36. Qg3
A blunder occurred on move: 37. ...Nf4
A blunder occurred on move: 38. ...Nd3+
A blunder occurred on move: 39. ...e4
A blunder occurred on move: 40. ...Bf7
A blunder occurred on move: 47. ...c4
A blunder occurred on move: 47. Re6+
Total blunders in game: 10
Evaluating Game: test_data/chess_com_games_2023-04-12 copy.pgn
Total blunders in game: 0
Evaluating Game: test_data/chess_com_games_2023-04-12 copy.pgn
A blunder occurred on move: 42. ...Kh6
A blunder occurred on move: 42. Rg1
A blunder occurred on move: 45. ...Rxe7
A blunder occurred on move: 53. ...Kf7
A blunder occurred on move: 54. ...Kxg7
A blunder occurred on move: 55. Ra6
A blunder occurred on move: 56. Ra5
A blunder occurred on move: 58. Rxb5
A blunder occurred on move: 59. Rc5
A blunder occurred on move: 60. ...Kd7
A blunder occurred on move: 65. ...Kf4
A blunder occurred on move: 65. Qd5
A blunder occurred on move: 66. ...Ke3
A blunder occurred on move: 66. e6
A blunder occurred on move: 67. ...Kd3
A blunder occurred on move: 67. e7
A blunder occurred on move: 68. ...Kc2
A blunder occurred on move: 68. e8=Q
A blunder occurred on move: 69. ...Kb2
A blunder occurred on move: 69. Qe2+
A blunder occurred on move: 70. ...Ka3
A blunder occurred on move: 70. Qda2#
Total blunders in game: 22
Evaluating Game: test_data/chess_com_games_2023-04-12 copy.pgn
A blunder occurred on move: 20. ...Rad8
A blunder occurred on move: 21. Nxe8
A blunder occurred on move: 22. ...Qxd1+
Total blunders in game: 3
Evaluating Game: test_data/chess_com_games_2023-04-12 copy.pgn
A blunder occurred on move: 32. Rxf4
A blunder occurred on move: 35. ...Qxc3
Total blunders in game: 2
Evaluating Game: test_data/chess_com_games_2023-04-12 copy.pgn
Total blunders in game: 0
Evaluating Game: test_data/chess_com_games_2023-04-12 copy.pgn
A blunder occurred on move: 13. Bg5
A blunder occurred on move: 17. ...Bf4
A blunder occurred on move: 18. ...Qf7
A blunder occurred on move: 18. Rxc6
A blunder occurred on move: 26. Qg5
A blunder occurred on move: 28. Nc6
A blunder occurred on move: 30. ...Qxc6
A blunder occurred on move: 32. ...Rc1+
Total blunders in game: 8
Evaluating Game: test_data/chess_com_games_2023-04-12 copy.pgn
A blunder occurred on move: 17. ...g6
A blunder occurred on move: 33. ...Nc5
A blunder occurred on move: 34. Rd4
A blunder occurred on move: 35. ...Qxa2
A blunder occurred on move: 35. Rf4
A blunder occurred on move: 36. ...Rxe3
Total blunders in game: 6
Evaluating Game: test_data/chess_com_games_2023-04-12 copy.pgn
A blunder occurred on move: 52. Bd5
A blunder occurred on move: 53. ...Rf4
A blunder occurred on move: 53. Kb6
A blunder occurred on move: 57. ...Be3
A blunder occurred on move: 58. ...Bf4
A blunder occurred on move: 58. Rb7
A blunder occurred on move: 59. ...Rd2
A blunder occurred on move: 59. Kb6
A blunder occurred on move: 60. ...Rd6+
A blunder occurred on move: 62. ...Rd4
A blunder occurred on move: 62. Bd5
A blunder occurred on move: 63. ...Re4
A blunder occurred on move: 63. Kc5
A blunder occurred on move: 64. ...Re5
A blunder occurred on move: 64. Kc6
A blunder occurred on move: 65. ...Rxd5
A blunder occurred on move: 66. Kc6
A blunder occurred on move: 67. ...f4
A blunder occurred on move: 70. Kd5
A blunder occurred on move: 71. ...Ke2
A blunder occurred on move: 71. Kc4
A blunder occurred on move: 72. ...f2
A blunder occurred on move: 72. Qxe3+
A blunder occurred on move: 75. ...Kc1
A blunder occurred on move: 76. ...Kb1
A blunder occurred on move: 76. b4
A blunder occurred on move: 77. ...Ka2
A blunder occurred on move: 77. Rd7
A blunder occurred on move: 78. ...Ka3
A blunder occurred on move: 78. Rd1
A blunder occurred on move: 79. Kc4
A blunder occurred on move: 81. Kc5
A blunder occurred on move: 82. Ra1
A blunder occurred on move: 83. ...Kb2
A blunder occurred on move: 83. b6
A blunder occurred on move: 84. ...Kc2
A blunder occurred on move: 84. Kc6
Total blunders in game: 37
Evaluating Game: test_data/chess_com_games_2023-04-12 copy.pgn
A blunder occurred on move: 14. ...Nxe4
A blunder occurred on move: 15. Kxh2
A blunder occurred on move: 17. ...b5
A blunder occurred on move: 17. Ng5+
A blunder occurred on move: 20. ...Bf5
A blunder occurred on move: 23. Re3
A blunder occurred on move: 36. ...Kh6
A blunder occurred on move: 36. Qh3#
Total blunders in game: 8
Evaluating Game: test_data/chess_com_games_2023-04-12 copy.pgn
A blunder occurred on move: 25. Qxh7+
A blunder occurred on move: 32. ...Bf3
A blunder occurred on move: 37. Rf4
A blunder occurred on move: 41. ...Rh6
Total blunders in game: 4
Evaluating Game: test_data/chess_com_games_2023-04-12 copy.pgn
A blunder occurred on move: 13. ...Bf6
A blunder occurred on move: 14. ...Ra7
A blunder occurred on move: 16. ...Kf8
A blunder occurred on move: 16. Rd8+
A blunder occurred on move: 17. ...Kg7
A blunder occurred on move: 17. Rg8+
A blunder occurred on move: 18. ...Kh6
A blunder occurred on move: 18. f8=Q+
Total blunders in game: 8
Evaluating Game: test_data/chess_com_games_2023-04-12 copy.pgn
A blunder occurred on move: 16. g4
A blunder occurred on move: 17. a3
A blunder occurred on move: 20. Rc2
A blunder occurred on move: 23. Rd1
A blunder occurred on move: 27. Nd5
A blunder occurred on move: 28. ...Re8
A blunder occurred on move: 32. Rd2
A blunder occurred on move: 33. ...Qb3+
A blunder occurred on move: 33. Kd4
A blunder occurred on move: 34. ...dxc5+
A blunder occurred on move: 34. Kxc5
A blunder occurred on move: 35. ...Rc8+
A blunder occurred on move: 35. Kd4
A blunder occurred on move: 36. ...Rc4+
A blunder occurred on move: 36. Ke5
A blunder occurred on move: 37. ...Qb5+
A blunder occurred on move: 37. Rd5
A blunder occurred on move: 38. ...Qe8+
A blunder occurred on move: 38. Kd6
A blunder occurred on move: 39. ...Rc6#
Total blunders in game: 20
Evaluating Game: test_data/chess_com_games_2023-04-12 copy.pgn
Total blunders in game: 0
Evaluating Game: test_data/chess_com_games_2023-04-12 copy.pgn
A blunder occurred on move: 23. ...h5
A blunder occurred on move: 23. Qd1
A blunder occurred on move: 27. ...Kg7
A blunder occurred on move: 28. ...Qh5
A blunder occurred on move: 31. Bxf6+
A blunder occurred on move: 33. ...Rc4
A blunder occurred on move: 35. ...Rcc8
A blunder occurred on move: 37. Rf7
A blunder occurred on move: 38. ...Qh4
A blunder occurred on move: 38. e7
A blunder occurred on move: 39. ...Qe1+
A blunder occurred on move: 39. Rf1+
Total blunders in game: 12
Evaluating Game: test_data/chess_com_games_2023-04-12 copy.pgn
A blunder occurred on move: 33. ...Rd7
A blunder occurred on move: 34. ...f6
A blunder occurred on move: 35. Bxe5
A blunder occurred on move: 54. ...Kf6
A blunder occurred on move: 58. ...Rd4+
A blunder occurred on move: 58. Kxg5
A blunder occurred on move: 59. ...Rxa4
A blunder occurred on move: 62. ...Kxd8
A blunder occurred on move: 71. ...Ke7
A blunder occurred on move: 71. h7
A blunder occurred on move: 72. ...Kd6
A blunder occurred on move: 72. h8=Q
A blunder occurred on move: 73. ...Kc5
A blunder occurred on move: 73. Qd8
A blunder occurred on move: 74. ...Kc4
A blunder occurred on move: 74. g7
A blunder occurred on move: 75. ...Kb3
A blunder occurred on move: 75. g8=Q+
A blunder occurred on move: 76. ...Kb4
A blunder occurred on move: 76. Qc8
A blunder occurred on move: 77. ...Kb5
A blunder occurred on move: 77. Qf7
A blunder occurred on move: 78. ...Ka5
A blunder occurred on move: 78. Qfb7
A blunder occurred on move: 79. ...Ka4
A blunder occurred on move: 79. Qca8#
Total blunders in game: 26
Evaluating Game: test_data/chess_com_games_2023-04-12 copy.pgn
A blunder occurred on move: 11. ...b6
A blunder occurred on move: 12. ...axb6
Total blunders in game: 2
Evaluating Game: test_data/chess_com_games_2023-04-12 copy.pgn
A blunder occurred on move: 19. Qd2
A blunder occurred on move: 24. ...h5
A blunder occurred on move: 25. ...Be6
A blunder occurred on move: 29. Qg2
A blunder occurred on move: 36. Qd2
A blunder occurred on move: 39. Qxe3
A blunder occurred on move: 42. ...Rxh4
Total blunders in game: 7
Evaluating Game: test_data/chess_com_games_2023-04-12 copy.pgn
A blunder occurred on move: 32. Rde2
A blunder occurred on move: 36. ...gxf4
A blunder occurred on move: 37. ...Nxe7
A blunder occurred on move: 39. ...Kh8
A blunder occurred on move: 39. Rxg4+
A blunder occurred on move: 40. ...Kh7
A blunder occurred on move: 40. Rg7+
A blunder occurred on move: 41. ...Kh8
A blunder occurred on move: 41. Rxc7+
Total blunders in game: 9
Evaluating Game: test_data/chess_com_games_2023-04-12 copy.pgn
A blunder occurred on move: 11. Rae1
Total blunders in game: 1
Evaluating Game: test_data/chess_com_games_2023-04-12 copy.pgn
A blunder occurred on move: 17. Qxb7
A blunder occurred on move: 18. ...Qd7
A blunder occurred on move: 34. ...h5
A blunder occurred on move: 34. Rg1
A blunder occurred on move: 36. a8=Q
Total blunders in game: 5
Evaluating Game: test_data/chess_com_games_2023-04-12 copy.pgn
A blunder occurred on move: 33. Rf7
A blunder occurred on move: 38. Kf4
Total blunders in game: 2
Evaluating Game: test_data/chess_com_games_2023-04-12 copy.pgn
A blunder occurred on move: 32. ...Nf8
A blunder occurred on move: 32. gxf5+
A blunder occurred on move: 33. ...Kxf5
A blunder occurred on move: 33. Bd2
A blunder occurred on move: 34. ...Qb2
A blunder occurred on move: 34. Qe2
A blunder occurred on move: 35. ...Qc2
A blunder occurred on move: 35. Qg2
A blunder occurred on move: 40. ...Rc3
A blunder occurred on move: 40. Qh5+
A blunder occurred on move: 41. ...Kg8
A blunder occurred on move: 41. Qxd5+
A blunder occurred on move: 44. ...Kf7
A blunder occurred on move: 44. Qe8+
A blunder occurred on move: 45. ...Kg7
A blunder occurred on move: 45. Re7+
A blunder occurred on move: 46. ...Kh6
A blunder occurred on move: 46. Qxf8+
A blunder occurred on move: 47. ...Kg5
A blunder occurred on move: 47. Qg7+
A blunder occurred on move: 48. ...Kf4
A blunder occurred on move: 48. Qg4#
Total blunders in game: 22
Evaluating Game: test_data/chess_com_games_2023-04-12 copy.pgn
A blunder occurred on move: 20. Bg3
A blunder occurred on move: 21. Qd3
Total blunders in game: 2
Evaluating Game: test_data/chess_com_games_2023-05-16.pgn
A blunder occurred on move: 10. ...Qa5
A blunder occurred on move: 10. a3
A blunder occurred on move: 11. ...Bd7
A blunder occurred on move: 13. ...Rc8
Total blunders in game: 4
Evaluating Game: test_data/chess_com_games_2023-05-16.pgn
A blunder occurred on move: 4. ...Qg5
A blunder occurred on move: 8. ...Ba5
A blunder occurred on move: 8. Bg3
A blunder occurred on move: 9. Ng5
A blunder occurred on move: 10. ...Qg4
A blunder occurred on move: 11. ...Ke7
A blunder occurred on move: 11. Qxg4
A blunder occurred on move: 13. ...Nxd4
A blunder occurred on move: 13. Nd2
A blunder occurred on move: 15. Rf1
A blunder occurred on move: 19. ...Rhf8
A blunder occurred on move: 19. O-O-O
A blunder occurred on move: 33. ...a5
A blunder occurred on move: 33. Rb5
A blunder occurred on move: 34. ...g6
A blunder occurred on move: 34. Rxa5
A blunder occurred on move: 35. ...h5
A blunder occurred on move: 35. Re5
A blunder occurred on move: 37. ...h4
A blunder occurred on move: 38. ...Kxf5
A blunder occurred on move: 40. Bg1
A blunder occurred on move: 42. ...h3
A blunder occurred on move: 43. Kg2
A blunder occurred on move: 44. ...Ne4
A blunder occurred on move: 49. ...Nb1
Total blunders in game: 25
Evaluating Game: test_data/Szparu_vs_Jospem_2023.04.11.pgn
A blunder occurred on move: 19. ...Qc7
Total blunders in game: 1
Evaluating Game: test_data/chess_com_games_2023-04-12.pgn
A blunder occurred on move: 31. ...Qc6
A blunder occurred on move: 33. exd4
A blunder occurred on move: 35. Kf3
A blunder occurred on move: 37. Rxc3
A blunder occurred on move: 39. d6
A blunder occurred on move: 40. Kd4
A blunder occurred on move: 41. ...Rc4+
Total blunders in game: 7
Evaluating Game: test_data/chess_com_games_2023-04-12.pgn
A blunder occurred on move: 52. Kf5
A blunder occurred on move: 53. ...Kd6
A blunder occurred on move: 55. ...Kd7
A blunder occurred on move: 55. Re4
A blunder occurred on move: 56. ...Kc7
A blunder occurred on move: 67. ...Kxb2
A blunder occurred on move: 73. b8=Q
A blunder occurred on move: 74. ...Ke2
A blunder occurred on move: 74. Qf8
A blunder occurred on move: 75. ...Ke3
A blunder occurred on move: 75. Qf3+
A blunder occurred on move: 76. ...Kd2
A blunder occurred on move: 76. Be4
A blunder occurred on move: 77. ...Ke1
A blunder occurred on move: 77. Bd3
A blunder occurred on move: 78. ...Kd2
A blunder occurred on move: 78. Qe2+
A blunder occurred on move: 79. ...Kc1
A blunder occurred on move: 79. Qc2#
Total blunders in game: 19
Evaluating Game: test_data/chess_com_games_2023-04-12.pgn
A blunder occurred on move: 21. ...Bf5
A blunder occurred on move: 22. ...Be6
Total blunders in game: 2
Evaluating Game: test_data/chess_com_games_2023-04-12.pgn
A blunder occurred on move: 13. ...Nd7
A blunder occurred on move: 18. f4
A blunder occurred on move: 29. ...Rxd6
A blunder occurred on move: 33. ...Qe4
A blunder occurred on move: 34. ...g5
A blunder occurred on move: 34. Qh3
Total blunders in game: 6
Evaluating Game: test_data/chess_com_games_2023-04-12.pgn
A blunder occurred on move: 10. ...Qg5
A blunder occurred on move: 17. ...Qxd5
A blunder occurred on move: 21. ...h6
A blunder occurred on move: 21. Qf4
Total blunders in game: 4
Evaluating Game: test_data/chess_com_games_2023-04-12.pgn
A blunder occurred on move: 13. Be2
A blunder occurred on move: 14. ...Ba6
A blunder occurred on move: 14. Ne4
A blunder occurred on move: 20. Bc3
A blunder occurred on move: 21. ...Ne5
A blunder occurred on move: 22. ...Raf8
A blunder occurred on move: 27. ...R8f6
Total blunders in game: 7
Evaluating Game: test_data/chess_com_games_2023-04-12.pgn
A blunder occurred on move: 53. Kc6
A blunder occurred on move: 57. Kxa6
A blunder occurred on move: 58. ...Kd7
Total blunders in game: 3
