Evaluating Game: test_data/chess_com_games_2023-05-16.pgn
??: 10. ...Qa5, Best move: dxe4
??: 10. a3, Best move: Nb3
??: 11. ...Bd7, Best move: Nxd4
??: 13. ...Rc8, Best move: Na5
Total blunders in game: 4
Evaluating Game: test_data/chess_com_games_2023-05-16.pgn
??: 4. ...Qg5, Best move: Nf6
??: 5. ...Qxg2, Best move: Qh6
??: 8. ...Ba5, Best move: Be7
??: 8. Bg3, Best move: Bxf7+
??: 11. ...Ke7, Best move: Kd8
??: 11. Qxg4, Best move: Bxd6+
??: 13. ...Nxd4, Best move: h6
??: 13. Nd2, Best move: Bf2
??: 33. ...a5, Best move: Ne4+
??: 33. Rb5, Best move: Rxg7+
??: 34. ...g6, Best move: Ne4+
??: 34. Rxa5, Best move: Be7
??: 37. ...h4, Best move: Rh1+
??: 38. ...Kxf5, Best move: gxf5
??: 40. Bg1, Best move: Ke2
??: 42. ...h3, Best move: Kg4
??: 43. Kg2, Best move: Bxh2
??: 44. ...Ne4, Best move: hxg1=Q+
??: 49. ...Nb1, Best move: Nc4+
Total blunders in game: 19
Evaluating Game: test_data/chess_com_games_2023-04-12.pgn
??: 31. ...Qc6, Best move: Rxe3
??: 33. exd4, Best move: Rxd4
??: 36. Qd2, Best move: d6
??: 39. d6, Best move: Qxc3
??: 40. Kd4, Best move: Kf4
??: 41. ...Rc4+, Best move: Rc4+
Total blunders in game: 6
Evaluating Game: test_data/chess_com_games_2023-04-12.pgn
??: 52. Kf5, Best move: Kh5
??: 53. ...Kd6, Best move: Rxf7+
??: 67. ...Kxb2, Best move: Kb1
??: 73. b8=Q, Best move: Bg8
??: 74. ...Ke2, Best move: Ke2
??: 74. Qf8, Best move: Qf4
??: 75. ...Ke3, Best move: Ke3
??: 75. Qf3+, Best move: Qf3+
??: 76. ...Kd2, Best move: Kd2
??: 76. Be4, Best move: Qf2+
??: 77. ...Ke1, Best move: Ke1
??: 77. Bd3, Best move: Bd5
??: 78. ...Kd2, Best move: Kd2
??: 78. Qe2+, Best move: Qf2+
??: 79. ...Kc1, Best move: Kc1
??: 79. Qc2#, Best move: Qc2#
Total blunders in game: 16
Evaluating Game: test_data/chess_com_games_2023-04-12.pgn
??: 19. ...Bxc6, Best move: bxc6
??: 21. ...Bf5, Best move: a4
??: 22. ...Be6, Best move: e6
Total blunders in game: 3
Evaluating Game: test_data/chess_com_games_2023-04-12.pgn
??: 12. Rh3, Best move: Ne4
??: 18. f4, Best move: Qe4
??: 29. ...Rxd6, Best move: Rb5
??: 30. ...Rde6, Best move: Qd5
??: 34. ...g5, Best move: Qc6
??: 34. Qh3, Best move: Rh8+
Total blunders in game: 6
Evaluating Game: test_data/chess_com_games_2023-04-12.pgn
??: 5. Bf1, Best move: Nd3
??: 10. ...Qg5, Best move: c6
??: 12. ...Qd8, Best move: Nxf2
??: 17. ...Qxd5, Best move: f5
??: 21. ...h6, Best move: Ne8
??: 21. Qf4, Best move: Qe4
Total blunders in game: 6
Evaluating Game: test_data/chess_com_games_2023-04-12.pgn
??: 13. Be2, Best move: Nd5
??: 14. ...Ba6, Best move: Bb7
??: 14. Ne4, Best move: Nd5
??: 22. ...Raf8, Best move: Nd7
??: 23. ...Rxf2, Best move: Bxe5
Total blunders in game: 5
Evaluating Game: test_data/chess_com_games_2023-04-12.pgn
??: 47. Kd2, Best move: b5
??: 53. Kc6, Best move: Ke5
??: 56. c7, Best move: Kxa6
??: 57. ...b1=Q+, Best move: b1=Q+
??: 57. Kxa6, Best move: Kc8
??: 58. ...Kd7, Best move: Kd7
Total blunders in game: 6
Evaluating Game: test_data/Szparu_vs_Jospem_2023.04.11.pgn
??: 19. ...Qc7, Best move: Na4
Total blunders in game: 1
Evaluating Game: test_data/chess_com_games_2023-04-12 copy.pgn
??: 34. Re1, Best move: Qe1
Total blunders in game: 1
Evaluating Game: test_data/chess_com_games_2023-04-12 copy.pgn
??: 26. Nb4, Best move: Qxb5
??: 37. Re2, Best move: Nc6
??: 53. ...Rc1+, Best move: Rc6
??: 57. ...Rb1, Best move: Rg2+
Total blunders in game: 4
Evaluating Game: test_data/chess_com_games_2023-04-12 copy.pgn
??: 21. Qh7+, Best move: Nd4
??: 23. ...Ne5, Best move: a4
??: 34. ...Qd4, Best move: Qxe6
??: 34. Qh7+, Best move: Qxg6+
??: 35. ...Kf8, Best move: Qg7
??: 35. Qe7+, Best move: Qe7+
??: 36. ...Kg8, Best move: Kg8
??: 36. Qxe8+, Best move: Qxe8+
??: 37. ...Kh7, Best move: Kh7
??: 37. Qxg6+, Best move: Qxg6+
??: 38. ...Kh8, Best move: Kh8
??: 38. Re8#, Best move: Re8#
Total blunders in game: 12
Evaluating Game: test_data/chess_com_games_2023-04-12 copy.pgn
Total blunders in game: 0
Evaluating Game: test_data/chess_com_games_2023-04-12 copy.pgn
??: 9. ...Be7, Best move: Ne6
??: 25. Qf4, Best move: Bg2
Total blunders in game: 2
Evaluating Game: test_data/chess_com_games_2023-04-12 copy.pgn
??: 12. e4, Best move: Qe2
??: 13. ...Nxe4, Best move: Rb4
??: 35. ...Qb2, Best move: Qc5
Total blunders in game: 3
Evaluating Game: test_data/chess_com_games_2023-04-12 copy.pgn
Total blunders in game: 0
Evaluating Game: test_data/chess_com_games_2023-04-12 copy.pgn
Total blunders in game: 0
Evaluating Game: test_data/chess_com_games_2023-04-12 copy.pgn
??: 23. Ng4, Best move: Qc2
??: 26. ...gxf6, Best move: Qxf6
??: 28. ...Qd6, Best move: Bf5
??: 29. Qxf6, Best move: Rxc2
??: 35. ...Kg7, Best move: Rxe2
Total blunders in game: 5
Evaluating Game: test_data/chess_com_games_2023-04-12 copy.pgn
??: 30. Qh3, Best move: Qg5
??: 31. ...Rd8, Best move: g5
??: 35. ...Qxd4+, Best move: Qxf4+
??: 49. Re2, Best move: Kg5
Total blunders in game: 4
Evaluating Game: test_data/chess_com_games_2023-04-12 copy.pgn
??: 33. ...Nd2, Best move: h5
Total blunders in game: 1
Evaluating Game: test_data/chess_com_games_2023-04-12 copy.pgn
??: 17. Bh6, Best move: Nd2
??: 28. Re6, Best move: Rhg1
??: 29. ...N8d7, Best move: Nxe6
??: 32. Rd2, Best move: Re1
??: 33. ...Rxf5, Best move: Ne4
??: 33. a3, Best move: Re2
??: 34. ...h5, Best move: Ne4
??: 34. b3, Best move: Rd1
??: 35. ...h4, Best move: Ne4
??: 35. a4, Best move: Rd3
??: 37. ...h3, Best move: Ne4
??: 37. f4, Best move: Kc2
??: 38. ...Rxf4, Best move: Ne4
??: 38. a5, Best move: Rh2
??: 39. ...Ra4, Best move: Ne4
??: 39. a6, Best move: Rh2
??: 40. ...Kg7, Best move: Ne4
??: 42. ...Rg3, Best move: Ra4
??: 46. Kc2, Best move: Ka2
??: 47. ...Rf1, Best move: h2
Total blunders in game: 20
Evaluating Game: test_data/chess_com_games_2023-04-12 copy.pgn
??: 16. ...Ne5, Best move: Bxc3
??: 20. Bd4, Best move: Bxe6
??: 22. Qd3, Best move: f4
??: 37. g4, Best move: g3
??: 38. ...Be5, Best move: Qd1+
??: 38. Kg1, Best move: g5+
??: 39. ...Kg5, Best move: Bd4+
??: 39. e7, Best move: h4+
??: 40. ...Kh4, Best move: Bd4+
??: 40. e8=Q, Best move: Rf6
??: 41. ...Kg3, Best move: Bd4+
??: 41. Qxe5+, Best move: Rf3+
??: 42. ...dxe5, Best move: dxe5
Total blunders in game: 13
Evaluating Game: test_data/chess_com_games_2023-04-12 copy.pgn
??: 30. ...Qh7, Best move: Bf5
??: 30. dxc5, Best move: Rg5
??: 38. Rh2, Best move: Kh2
??: 45. ...Nd5, Best move: Qh6
??: 60. ...Nf5, Best move: Rf6+
??: 60. Kf2, Best move: Rxf5
??: 66. Kf1, Best move: Kd1
??: 67. ...Rd2, Best move: Ra2
??: 67. Bxd2, Best move: Bd8
Total blunders in game: 9
Evaluating Game: test_data/chess_com_games_2023-04-12 copy.pgn
??: 31. ...d4, Best move: Rxc5
??: 33. ...Rd8, Best move: Nxd4
Total blunders in game: 2
Evaluating Game: test_data/chess_com_games_2023-04-12 copy.pgn
??: 26. ...hxg4, Best move: Rxb1
??: 33. ...g4, Best move: Nxd4
Total blunders in game: 2
Evaluating Game: test_data/chess_com_games_2023-04-12 copy.pgn
??: 25. Bc4, Best move: Nxe7
??: 26. ...Nxd5, Best move: Ng6
??: 32. ...Qf7, Best move: Bf6
Total blunders in game: 3
Evaluating Game: test_data/chess_com_games_2023-04-12 copy.pgn
??: 31. Qg2, Best move: Qe2
??: 34. Re1, Best move: b5
??: 36. ...Qg6, Best move: Rd8
??: 37. ...Nd8, Best move: Qd6
??: 42. ...Nd6, Best move: Nxb6
??: 48. ...Re2, Best move: Rxd7
??: 50. ...Ka8, Best move: Re7
??: 51. ...Rb8, Best move: Ra5
??: 51. Ra7+, Best move: Ra7+
??: 52. ...Nxa7, Best move: Nxa7
??: 52. Qxa7#, Best move: Qxa7#
Total blunders in game: 11
Evaluating Game: test_data/chess_com_games_2023-04-12 copy.pgn
??: 11. ...d5, Best move: d6
??: 26. ...Kg6, Best move: Rxb2
??: 28. ...Rb3, Best move: h4
??: 42. Bd4, Best move: Kd2
??: 43. ...Re4, Best move: Rd3+
??: 67. ...Re4, Best move: Kf3
??: 70. Rb3, Best move: Rb3
??: 71. ...g3, Best move: Kf2
??: 71. Kf4, Best move: Rxg3+
??: 72. ...Kh2, Best move: Kf1
??: 72. Rb2+, Best move: Rxg3
??: 73. ...Kh3, Best move: Kh3
??: 73. Kf3, Best move: Rb3
??: 74. ...g2, Best move: Kh4
??: 74. Rxg2, Best move: Rxg2
??: 75. ...Kh4, Best move: Kh4
??: 75. Kf4, Best move: Kf4
??: 76. ...Kh5, Best move: Kh3
??: 76. Kf5, Best move: Kf5
??: 77. ...Kh6, Best move: Kh6
??: 77. Kf6, Best move: Rh2#
??: 78. ...Kh5, Best move: Kh7
??: 78. Kf5, Best move: Kf5
??: 79. ...Kh4, Best move: Kh6
??: 79. Rg3, Best move: Rh2#
??: 80. ...Kh5, Best move: Kh5
??: 80. Rh3#, Best move: Rh3#
Total blunders in game: 27
Evaluating Game: test_data/chess_com_games_2023-04-12 copy.pgn
??: 23. Kc1, Best move: Ke2
??: 37. Rc7+, Best move: Nh6+
??: 38. ...Kf6, Best move: Ke6
Total blunders in game: 3
Evaluating Game: test_data/chess_com_games_2023-04-12 copy.pgn
??: 28. Rfg4, Best move: Qg4
??: 29. ...Rg8, Best move: c2
??: 30. ...Qb6, Best move: Rgc8
??: 30. h3, Best move: Bxg8
??: 31. Kh2, Best move: Bxg8
??: 32. ...Qd6, Best move: Qb2
??: 32. Ng6+, Best move: a3
??: 33. Bxg8, Best move: fxg6
??: 34. Rxg7, Best move: Bh7
Total blunders in game: 9
Evaluating Game: test_data/chess_com_games_2023-04-12 copy.pgn
??: 36. h3, Best move: Rd8+
??: 43. Kg3, Best move: Ne8
??: 46. g5, Best move: a7
??: 47. Na8, Best move: a7
Total blunders in game: 4
Evaluating Game: test_data/chess_com_games_2023-04-12 copy.pgn
??: 39. ...a4, Best move: c4
??: 39. Ke3, Best move: f5+
??: 42. ...c4, Best move: b3
Total blunders in game: 3
Evaluating Game: test_data/chess_com_games_2023-04-12 copy.pgn
??: 17. Na4, Best move: Rf1
??: 36. Rf8, Best move: Nxf6
??: 37. ...Bd4, Best move: Bd4
Total blunders in game: 3
Evaluating Game: test_data/chess_com_games_2023-04-12 copy.pgn
??: 28. Qe2, Best move: Qc1
??: 30. ...Rxf1+, Best move: Rf5
??: 31. ...Qd8, Best move: Qf6
??: 36. ...h6, Best move: g6
??: 36. Qh7#, Best move: Qh7#
Total blunders in game: 5
Evaluating Game: test_data/chess_com_games_2023-04-12 copy.pgn
??: 22. Nf3, Best move: Ng2
??: 23. ...Re8, Best move: Kf7
??: 32. Re2, Best move: b6
Total blunders in game: 3
Evaluating Game: test_data/chess_com_games_2023-04-12 copy.pgn
??: 16. Qd2, Best move: exf6
??: 32. Ka2, Best move: Na5
??: 34. Qe3, Best move: Qg3
??: 36. Qg3, Best move: g4
??: 37. ...Nf4, Best move: Qd4+
??: 38. ...Nd3+, Best move: Qd4+
??: 39. ...e4, Best move: Qb5
??: 40. ...Bf7, Best move: Rb5
??: 47. ...c4, Best move: Qf4
??: 47. Re6+, Best move: Re6+
Total blunders in game: 10
Evaluating Game: test_data/chess_com_games_2023-04-12 copy.pgn
Total blunders in game: 0
Evaluating Game: test_data/chess_com_games_2023-04-12 copy.pgn
??: 42. ...Kh6, Best move: Bd5
??: 42. Rg1, Best move: Ng8+
??: 45. ...Rxe7, Best move: Bxf3
??: 52. Reg6, Best move: Rxc6
??: 55. Ra6, Best move: bxa5
??: 57. ...a3, Best move: Kg6
??: 58. ...Kf7, Best move: Kh8
??: 63. a7, Best move: a7
??: 65. Qd5, Best move: e6
??: 66. e6, Best move: e6
??: 69. ...Kb2, Best move: Kb1
??: 69. Qe2+, Best move: Qe2+
??: 70. ...Ka3, Best move: Ka1
??: 70. Qda2#, Best move: Ra5#
Total blunders in game: 14
Evaluating Game: test_data/chess_com_games_2023-04-12 copy.pgn
??: 21. Nxe8, Best move: Qa1
??: 22. ...Qxd1+, Best move: Qxd1+
Total blunders in game: 2
Evaluating Game: test_data/chess_com_games_2023-04-12 copy.pgn
??: 19. Bg3, Best move: g3
??: 32. Rxf4, Best move: d5
??: 35. ...Qxc3, Best move: Qxf4
??: 37. ...c6, Best move: Rc8
Total blunders in game: 4
Evaluating Game: test_data/chess_com_games_2023-04-12 copy.pgn
Total blunders in game: 0
Evaluating Game: test_data/chess_com_games_2023-04-12 copy.pgn
??: 13. ...Nd5, Best move: Nf5
??: 13. Bg5, Best move: Ng3
??: 16. Bb1, Best move: Nxd6
??: 17. ...Bf4, Best move: Nxd4
??: 19. ...Bxc6, Best move: Bxd2
??: 26. Qg5, Best move: Re1
??: 28. Nc6, Best move: Nxg4
??: 30. ...Qxc6, Best move: Kh8
??: 32. ...Rc1+, Best move: Rcd6
Total blunders in game: 9
Evaluating Game: test_data/chess_com_games_2023-04-12 copy.pgn
??: 31. ...Qa4, Best move: Nxg4
??: 31. g5, Best move: Nb4
??: 34. Rd4, Best move: Nc7
??: 35. ...Qxa2, Best move: Bxd4
??: 35. Rf4, Best move: Nf6+
??: 36. ...Rxe3, Best move: Nd3
Total blunders in game: 6
Evaluating Game: test_data/chess_com_games_2023-04-12 copy.pgn
??: 27. gxh4, Best move: g4
??: 41. ...Kg7, Best move: a5
??: 50. ...Rf3, Best move: Rxb3+
??: 52. Bd5, Best move: Bxf5
??: 53. ...Rf4, Best move: Re3
??: 53. Kb6, Best move: Be6
??: 57. ...Be3, Best move: f4
??: 57. a6, Best move: Rxf5
??: 58. ...Bf4, Best move: f4
??: 58. Rb7, Best move: Rxf5
??: 59. ...Rd2, Best move: Be3
??: 59. Kb6, Best move: a7
??: 62. ...Rd4, Best move: Rd8
??: 62. Bd5, Best move: a8=Q
??: 63. ...Re4, Best move: Rxd5+
??: 63. Kc5, Best move: a8=Q
??: 64. ...Re5, Best move: Re8
??: 64. Kc6, Best move: a8=Q
??: 65. ...Rxd5, Best move: Re8
??: 66. Kc6, Best move: a8=Q
??: 67. a8=Q, Best move: a8=Q
??: 69. ...Ke2, Best move: Ke2
??: 70. ...Kf2, Best move: f2
??: 70. Kd5, Best move: Rf7
??: 71. ...Ke2, Best move: Bc1
??: 71. Kc4, Best move: Kc4
??: 72. ...f2, Best move: Kd2
??: 72. Qxe3+, Best move: Rf7
??: 75. ...Kc1, Best move: Ke2
??: 76. ...Kb1, Best move: Kd1
??: 76. b4, Best move: Rxf2
??: 77. ...Ka2, Best move: Kc1
??: 77. Rd7, Best move: Rxf2+
??: 78. ...Ka3, Best move: f1=Q
??: 78. Rd1, Best move: Ra7#
??: 79. ...Ka4, Best move: Ka4
??: 79. Kc4, Best move: Kc4
??: 80. ...Ka3, Best move: Ka3
??: 80. b5, Best move: b5
??: 81. ...Kb2, Best move: Kb2
??: 81. Kc5, Best move: Rd2+
??: 82. Ra1, Best move: Rf1
??: 83. ...Kb2, Best move: Kd3
??: 83. b6, Best move: Rf1
??: 84. ...Kc2, Best move: Kxa1
??: 84. Kc6, Best move: Rf1
??: 85. b7, Best move: b7
Total blunders in game: 47
Evaluating Game: test_data/chess_com_games_2023-04-12 copy.pgn
??: 8. ...Ne3, Best move: Nxc3
??: 13. ...c6, Best move: Bxe5
??: 13. Ne4, Best move: Bxf7+
??: 14. ...Nxe4, Best move: Bxe5
??: 15. ...Bxh2+, Best move: Bxh2+
??: 15. Kxh2, Best move: Kh1
??: 17. ...b5, Best move: Nf6
??: 17. Ng5+, Best move: Nh6+
??: 20. Nd6, Best move: Rf1
??: 22. Nxf5, Best move: Ne8
??: 23. Re3, Best move: d5
??: 25. ...Kh8, Best move: Kg7
??: 25. Rh3, Best move: Qe5+
??: 36. ...Kh6, Best move: Kh8
??: 36. Qh3#, Best move: Qh3#
Total blunders in game: 15
Evaluating Game: test_data/chess_com_games_2023-04-12 copy.pgn
??: 12. ...Nxe5, Best move: Bg7
??: 18. ...Kf8, Best move: Bxe5
??: 24. ...Bd5, Best move: Rxh5
??: 25. Qxh7+, Best move: Re2
??: 32. ...Bf3, Best move: Rf5
??: 37. Rf4, Best move: Rfd6
??: 41. ...Rh6, Best move: Rxg5
??: 41. f4, Best move: Rd5
??: 42. Rb8, Best move: Rd5
Total blunders in game: 9
Evaluating Game: test_data/chess_com_games_2023-04-12 copy.pgn
??: 11. ...b4, Best move: Qd6
??: 13. ...Bf6, Best move: e5
??: 14. ...Ra7, Best move: Bxd5
??: 16. ...Kf8, Best move: Qxf7
??: 16. Rd8+, Best move: Rd8+
??: 17. ...Kg7, Best move: Kg7
??: 17. Rg8+, Best move: Rg8+
??: 18. ...Kh6, Best move: Rxg8
??: 18. f8=Q+, Best move: f8=Q+
Total blunders in game: 9
Evaluating Game: test_data/chess_com_games_2023-04-12 copy.pgn
??: 18. ...Bb3, Best move: Bd3
??: 23. Rd1, Best move: Ra3
??: 27. Nd5, Best move: c6
??: 28. ...Re8, Best move: Qa1+
??: 28. Nf6+, Best move: Nc3
??: 35. ...Rc8+, Best move: Qb6+
??: 36. ...Rc4+, Best move: Rd8+
??: 36. Ke5, Best move: Ke5
??: 37. ...Qb5+, Best move: Qb5+
??: 37. Rd5, Best move: Kd6
??: 38. ...Qe8+, Best move: Qe8+
??: 38. Kd6, Best move: Kd6
??: 39. ...Rc6#, Best move: Qe6#
Total blunders in game: 13
Evaluating Game: test_data/chess_com_games_2023-04-12 copy.pgn
??: 31. Nb3, Best move: Nf1
??: 37. ...Rc2, Best move: f4
Total blunders in game: 2
Evaluating Game: test_data/chess_com_games_2023-04-12 copy.pgn
??: 23. ...h5, Best move: Nd2
??: 23. Qd1, Best move: Bxe4
??: 27. Bf3, Best move: Bxe4
??: 28. ...Qh5, Best move: Nxc3
??: 31. Bxf6+, Best move: Rxf6
??: 33. ...Rc4, Best move: Rc5
??: 34. ...Qh7, Best move: Qh7
??: 38. ...Qh4, Best move: Qh4
??: 39. ...Qe1+, Best move: Qe4+
Total blunders in game: 9
Evaluating Game: test_data/chess_com_games_2023-04-12 copy.pgn
??: 23. Bg2, Best move: Bf3
??: 33. ...Rd7, Best move: Re6
??: 35. Bxe5, Best move: b5
??: 54. ...Kf6, Best move: Kd5
??: 58. ...Rd4+, Best move: e4
??: 58. Kxg5, Best move: Kf5
??: 59. ...Rxa4, Best move: e4
??: 62. ...Kxd8, Best move: e4
??: 71. ...Ke7, Best move: Kg8
??: 71. h7, Best move: h7
??: 72. ...Kd6, Best move: Kd6
??: 72. h8=Q, Best move: h8=Q
??: 73. ...Kc5, Best move: Kc6
??: 73. Qd8, Best move: Qe5+
??: 74. ...Kc4, Best move: Kb4
??: 74. g7, Best move: Qf6
??: 75. ...Kb3, Best move: Kb3
??: 75. g8=Q+, Best move: g8=Q+
??: 76. ...Kb4, Best move: Kc3
??: 76. Qc8, Best move: Qa2
??: 77. ...Kb5, Best move: Ka3
??: 77. Qf7, Best move: Qgc4+
??: 78. ...Ka5, Best move: Kb6
??: 78. Qfb7, Best move: Qc5+
??: 79. ...Ka4, Best move: Ka4
??: 79. Qca8#, Best move: Qca8#
Total blunders in game: 26
Evaluating Game: test_data/chess_com_games_2023-04-12 copy.pgn
??: 11. ...b6, Best move: c5
??: 12. ...axb6, Best move: a5
Total blunders in game: 2
Evaluating Game: test_data/chess_com_games_2023-04-12 copy.pgn
??: 24. ...h5, Best move: Ne5
??: 29. Qg2, Best move: Rg5
??: 31. Kd1, Best move: Kd1
??: 39. Qxe3, Best move: Kd1
Total blunders in game: 4
Evaluating Game: test_data/chess_com_games_2023-04-12 copy.pgn
??: 36. ...gxf4, Best move: Rde8
??: 37. Rxe7+, Best move: Rxe7+
??: 38. ...Kg8, Best move: Rf7
??: 38. Rg7+, Best move: Rg7+
??: 39. Rxg4+, Best move: Rxg4+
??: 40. ...Kh7, Best move: Rf6
??: 40. Rg7+, Best move: Rg7+
??: 41. ...Kh8, Best move: Kh8
??: 41. Rxc7+, Best move: Nxf4
Total blunders in game: 9
Evaluating Game: test_data/chess_com_games_2023-04-12 copy.pgn
??: 13. Nxd6, Best move: Nf6+
Total blunders in game: 1
Evaluating Game: test_data/chess_com_games_2023-04-12 copy.pgn
??: 34. ...h5, Best move: Ng5
??: 34. Rg1, Best move: Qa4
??: 35. ...Qh7, Best move: Ne7
??: 36. a8=Q, Best move: Ncxd6
Total blunders in game: 4
Evaluating Game: test_data/chess_com_games_2023-04-12 copy.pgn
??: 26. ...h5, Best move: f4
??: 33. Rf7, Best move: Rd7
Total blunders in game: 2
Evaluating Game: test_data/chess_com_games_2023-04-12 copy.pgn
??: 20. Bd3, Best move: Bd3
??: 26. ...Bf5, Best move: Bf5
??: 30. Qe7, Best move: Kh1
??: 32. ...Nf8, Best move: Ne5
??: 32. gxf5+, Best move: gxf5+
??: 33. ...Kxf5, Best move: Kh5
??: 33. Bd2, Best move: Qg7
??: 34. ...Qb2, Best move: Qc7+
??: 34. Qe2, Best move: Qe3
??: 35. ...Qc2, Best move: Qxd4
??: 40. ...Rc3, Best move: Rxa2
??: 40. Qh5+, Best move: Qh5+
??: 41. ...Kg8, Best move: Ng6
??: 41. Qxd5+, Best move: Re7
??: 44. ...Kf7, Best move: f5
??: 44. Qe8+, Best move: Qe8+
??: 45. ...Kg7, Best move: Kg8
??: 45. Re7+, Best move: Re7+
??: 46. ...Kh6, Best move: Kh6
??: 46. Qxf8+, Best move: Qxf8+
??: 47. ...Kg5, Best move: Kh5
??: 47. Qg7+, Best move: Qg8+
??: 48. ...Kf4, Best move: Kh5
??: 48. Qg4#, Best move: Qg4#
Total blunders in game: 24
Evaluating Game: test_data/chess_com_games_2023-04-12 copy.pgn
??: 20. Bg3, Best move: Bxe5
??: 21. Qd3, Best move: Bxe5
??: 22. ...Bf5, Best move: e4
Total blunders in game: 3
