A blunder occurred on move: Qa5
A blunder occurred on move: a3
A blunder occurred on move: Bd7
A blunder occurred on move: Rc8
A blunder occurred on move: Qg5
A blunder occurred on move: Ba5
A blunder occurred on move: Bg3
A blunder occurred on move: Ng5
A blunder occurred on move: Qg4
A blunder occurred on move: Ke7
A blunder occurred on move: Qxg4
A blunder occurred on move: Nxd4
A blunder occurred on move: Nd2
A blunder occurred on move: Rf1
A blunder occurred on move: Rhf8
A blunder occurred on move: O-O-O
A blunder occurred on move: a5
A blunder occurred on move: Rb5
A blunder occurred on move: g6
A blunder occurred on move: Rxa5
A blunder occurred on move: h5
A blunder occurred on move: Re5
A blunder occurred on move: h4
A blunder occurred on move: Kxf5
A blunder occurred on move: Bg1
A blunder occurred on move: h3
A blunder occurred on move: Kg2
A blunder occurred on move: Ne4
A blunder occurred on move: Nb1
